[INFO] [2017-12-07 23:43:08][org.springframework.test.context.support.DefaultTestContextBootstrapper]Loaded default TestExecutionListener class names from location [META-INF/spring.factories]: [org.springframework.test.context.web.ServletTestExecutionListener, org.springframework.test.context.support.DirtiesContextBeforeModesTestExecutionListener, org.springframework.test.context.support.DependencyInjectionTestExecutionListener, org.springframework.test.context.support.DirtiesContextTestExecutionListener, org.springframework.test.context.transaction.TransactionalTestExecutionListener, org.springframework.test.context.jdbc.SqlScriptsTestExecutionListener]
[INFO] [2017-12-07 23:43:08][org.springframework.test.context.support.DefaultTestContextBootstrapper]Using TestExecutionListeners: [org.springframework.test.context.web.ServletTestExecutionListener@6d8a00e3, org.springframework.test.context.support.DirtiesContextBeforeModesTestExecutionListener@548b7f67, org.springframework.test.context.support.DependencyInjectionTestExecutionListener@7ac7a4e4, org.springframework.test.context.support.DirtiesContextTestExecutionListener@6d78f375, org.springframework.test.context.transaction.TransactionalTestExecutionListener@50c87b21, org.springframework.test.context.jdbc.SqlScriptsTestExecutionListener@5f375618]
[INFO] [2017-12-07 23:43:09][org.springframework.beans.factory.xml.XmlBeanDefinitionReader]Loading XML bean definitions from class path resource [spring-mybatis.xml]
[INFO] [2017-12-07 23:43:09][org.springframework.context.support.GenericApplicationContext]Refreshing org.springframework.context.support.GenericApplicationContext@204f30ec: startup date [Thu Dec 07 23:43:09 CST 2017]; root of context hierarchy
[INFO] [2017-12-07 23:43:09][org.springframework.beans.factory.config.PropertyPlaceholderConfigurer]Loading properties file from class path resource [config/jdbc.properties]
[INFO] [2017-12-07 23:43:10][TestAccount]test logger
[INFO] [2017-12-07 23:43:10][TestAccount]{"accountid":"testtesttest","accountnumber":"18711019949","accounttype":1,"status":0}
[INFO] [2017-12-07 23:43:10][org.springframework.context.support.GenericApplicationContext]Closing org.springframework.context.support.GenericApplicationContext@204f30ec: startup date [Thu Dec 07 23:43:09 CST 2017]; root of context hierarchy
[INFO] [2017-12-18 21:56:03][org.springframework.test.context.support.DefaultTestContextBootstrapper]Loaded default TestExecutionListener class names from location [META-INF/spring.factories]: [org.springframework.test.context.web.ServletTestExecutionListener, org.springframework.test.context.support.DirtiesContextBeforeModesTestExecutionListener, org.springframework.test.context.support.DependencyInjectionTestExecutionListener, org.springframework.test.context.support.DirtiesContextTestExecutionListener, org.springframework.test.context.transaction.TransactionalTestExecutionListener, org.springframework.test.context.jdbc.SqlScriptsTestExecutionListener]
[INFO] [2017-12-18 21:56:03][org.springframework.test.context.support.DefaultTestContextBootstrapper]Using TestExecutionListeners: [org.springframework.test.context.web.ServletTestExecutionListener@6d8a00e3, org.springframework.test.context.support.DirtiesContextBeforeModesTestExecutionListener@548b7f67, org.springframework.test.context.support.DependencyInjectionTestExecutionListener@7ac7a4e4, org.springframework.test.context.support.DirtiesContextTestExecutionListener@6d78f375, org.springframework.test.context.transaction.TransactionalTestExecutionListener@50c87b21, org.springframework.test.context.jdbc.SqlScriptsTestExecutionListener@5f375618]
[INFO] [2017-12-18 21:56:03][org.springframework.beans.factory.xml.XmlBeanDefinitionReader]Loading XML bean definitions from class path resource [spring-mybatis.xml]
[INFO] [2017-12-18 21:56:03][org.springframework.context.support.GenericApplicationContext]Refreshing org.springframework.context.support.GenericApplicationContext@204f30ec: startup date [Mon Dec 18 21:56:03 CST 2017]; root of context hierarchy
[INFO] [2017-12-18 21:56:04][org.springframework.beans.factory.config.PropertyPlaceholderConfigurer]Loading properties file from class path resource [config/jdbc.properties]
[INFO] [2017-12-18 21:56:05][TestAccount]test logger
[INFO] [2017-12-18 21:56:05][TestAccount]null
[INFO] [2017-12-18 21:56:05][org.springframework.context.support.GenericApplicationContext]Closing org.springframework.context.support.GenericApplicationContext@204f30ec: startup date [Mon Dec 18 21:56:03 CST 2017]; root of context hierarchy
[INFO] [2017-12-18 21:56:34][org.springframework.test.context.support.DefaultTestContextBootstrapper]Loaded default TestExecutionListener class names from location [META-INF/spring.factories]: [org.springframework.test.context.web.ServletTestExecutionListener, org.springframework.test.context.support.DirtiesContextBeforeModesTestExecutionListener, org.springframework.test.context.support.DependencyInjectionTestExecutionListener, org.springframework.test.context.support.DirtiesContextTestExecutionListener, org.springframework.test.context.transaction.TransactionalTestExecutionListener, org.springframework.test.context.jdbc.SqlScriptsTestExecutionListener]
[INFO] [2017-12-18 21:56:34][org.springframework.test.context.support.DefaultTestContextBootstrapper]Using TestExecutionListeners: [org.springframework.test.context.web.ServletTestExecutionListener@78e117e3, org.springframework.test.context.support.DirtiesContextBeforeModesTestExecutionListener@2ea227af, org.springframework.test.context.support.DependencyInjectionTestExecutionListener@4386f16, org.springframework.test.context.support.DirtiesContextTestExecutionListener@363ee3a2, org.springframework.test.context.transaction.TransactionalTestExecutionListener@4690b489, org.springframework.test.context.jdbc.SqlScriptsTestExecutionListener@79b06cab]
[INFO] [2017-12-18 21:56:34][org.springframework.beans.factory.xml.XmlBeanDefinitionReader]Loading XML bean definitions from class path resource [spring-mybatis.xml]
[INFO] [2017-12-18 21:56:35][org.springframework.context.support.GenericApplicationContext]Refreshing org.springframework.context.support.GenericApplicationContext@22ff4249: startup date [Mon Dec 18 21:56:35 CST 2017]; root of context hierarchy
[INFO] [2017-12-18 21:56:35][org.springframework.beans.factory.config.PropertyPlaceholderConfigurer]Loading properties file from class path resource [config/jdbc.properties]
[INFO] [2017-12-18 21:56:36][TestAccount]test logger
[INFO] [2017-12-18 21:56:45][TestAccount]null
[INFO] [2017-12-18 21:56:57][org.springframework.context.support.GenericApplicationContext]Closing org.springframework.context.support.GenericApplicationContext@22ff4249: startup date [Mon Dec 18 21:56:35 CST 2017]; root of context hierarchy
[INFO] [2017-12-18 22:04:37][org.springframework.test.context.support.DefaultTestContextBootstrapper]Loaded default TestExecutionListener class names from location [META-INF/spring.factories]: [org.springframework.test.context.web.ServletTestExecutionListener, org.springframework.test.context.support.DirtiesContextBeforeModesTestExecutionListener, org.springframework.test.context.support.DependencyInjectionTestExecutionListener, org.springframework.test.context.support.DirtiesContextTestExecutionListener, org.springframework.test.context.transaction.TransactionalTestExecutionListener, org.springframework.test.context.jdbc.SqlScriptsTestExecutionListener]
[INFO] [2017-12-18 22:04:37][org.springframework.test.context.support.DefaultTestContextBootstrapper]Using TestExecutionListeners: [org.springframework.test.context.web.ServletTestExecutionListener@6d8a00e3, org.springframework.test.context.support.DirtiesContextBeforeModesTestExecutionListener@548b7f67, org.springframework.test.context.support.DependencyInjectionTestExecutionListener@7ac7a4e4, org.springframework.test.context.support.DirtiesContextTestExecutionListener@6d78f375, org.springframework.test.context.transaction.TransactionalTestExecutionListener@50c87b21, org.springframework.test.context.jdbc.SqlScriptsTestExecutionListener@5f375618]
[INFO] [2017-12-18 22:04:37][org.springframework.beans.factory.xml.XmlBeanDefinitionReader]Loading XML bean definitions from class path resource [spring-mybatis.xml]
[INFO] [2017-12-18 22:04:37][org.springframework.context.support.GenericApplicationContext]Refreshing org.springframework.context.support.GenericApplicationContext@204f30ec: startup date [Mon Dec 18 22:04:37 CST 2017]; root of context hierarchy
[INFO] [2017-12-18 22:04:37][org.springframework.beans.factory.config.PropertyPlaceholderConfigurer]Loading properties file from class path resource [config/jdbc.properties]
[INFO] [2017-12-18 22:04:38][TestAccount]test logger
[INFO] [2017-12-18 22:04:39][TestAccount]null
[INFO] [2017-12-18 22:04:39][org.springframework.context.support.GenericApplicationContext]Closing org.springframework.context.support.GenericApplicationContext@204f30ec: startup date [Mon Dec 18 22:04:37 CST 2017]; root of context hierarchy
[INFO] [2017-12-19 20:09:34][org.springframework.test.context.support.DefaultTestContextBootstrapper]Loaded default TestExecutionListener class names from location [META-INF/spring.factories]: [org.springframework.test.context.web.ServletTestExecutionListener, org.springframework.test.context.support.DirtiesContextBeforeModesTestExecutionListener, org.springframework.test.context.support.DependencyInjectionTestExecutionListener, org.springframework.test.context.support.DirtiesContextTestExecutionListener, org.springframework.test.context.transaction.TransactionalTestExecutionListener, org.springframework.test.context.jdbc.SqlScriptsTestExecutionListener]
[INFO] [2017-12-19 20:09:34][org.springframework.test.context.support.DefaultTestContextBootstrapper]Using TestExecutionListeners: [org.springframework.test.context.web.ServletTestExecutionListener@78e117e3, org.springframework.test.context.support.DirtiesContextBeforeModesTestExecutionListener@2ea227af, org.springframework.test.context.support.DependencyInjectionTestExecutionListener@4386f16, org.springframework.test.context.support.DirtiesContextTestExecutionListener@363ee3a2, org.springframework.test.context.transaction.TransactionalTestExecutionListener@4690b489, org.springframework.test.context.jdbc.SqlScriptsTestExecutionListener@79b06cab]
[INFO] [2017-12-19 20:09:34][org.springframework.beans.factory.xml.XmlBeanDefinitionReader]Loading XML bean definitions from class path resource [spring-mybatis.xml]
[INFO] [2017-12-19 20:09:34][org.springframework.context.support.GenericApplicationContext]Refreshing org.springframework.context.support.GenericApplicationContext@22ff4249: startup date [Tue Dec 19 20:09:34 CST 2017]; root of context hierarchy
[INFO] [2017-12-19 20:09:35][org.springframework.beans.factory.config.PropertyPlaceholderConfigurer]Loading properties file from class path resource [config/jdbc.properties]
[INFO] [2017-12-19 20:09:36][TestAccount]test logger
[INFO] [2017-12-19 20:10:29][TestAccount]null
[INFO] [2017-12-19 20:10:29][org.springframework.context.support.GenericApplicationContext]Closing org.springframework.context.support.GenericApplicationContext@22ff4249: startup date [Tue Dec 19 20:09:34 CST 2017]; root of context hierarchy
[INFO] [2017-12-19 20:12:46][org.springframework.test.context.support.DefaultTestContextBootstrapper]Loaded default TestExecutionListener class names from location [META-INF/spring.factories]: [org.springframework.test.context.web.ServletTestExecutionListener, org.springframework.test.context.support.DirtiesContextBeforeModesTestExecutionListener, org.springframework.test.context.support.DependencyInjectionTestExecutionListener, org.springframework.test.context.support.DirtiesContextTestExecutionListener, org.springframework.test.context.transaction.TransactionalTestExecutionListener, org.springframework.test.context.jdbc.SqlScriptsTestExecutionListener]
[INFO] [2017-12-19 20:12:46][org.springframework.test.context.support.DefaultTestContextBootstrapper]Using TestExecutionListeners: [org.springframework.test.context.web.ServletTestExecutionListener@78e117e3, org.springframework.test.context.support.DirtiesContextBeforeModesTestExecutionListener@2ea227af, org.springframework.test.context.support.DependencyInjectionTestExecutionListener@4386f16, org.springframework.test.context.support.DirtiesContextTestExecutionListener@363ee3a2, org.springframework.test.context.transaction.TransactionalTestExecutionListener@4690b489, org.springframework.test.context.jdbc.SqlScriptsTestExecutionListener@79b06cab]
[INFO] [2017-12-19 20:12:47][org.springframework.beans.factory.xml.XmlBeanDefinitionReader]Loading XML bean definitions from class path resource [spring-mybatis.xml]
[INFO] [2017-12-19 20:12:47][org.springframework.context.support.GenericApplicationContext]Refreshing org.springframework.context.support.GenericApplicationContext@22ff4249: startup date [Tue Dec 19 20:12:47 CST 2017]; root of context hierarchy
[INFO] [2017-12-19 20:12:47][org.springframework.beans.factory.config.PropertyPlaceholderConfigurer]Loading properties file from class path resource [config/jdbc.properties]
[INFO] [2017-12-19 20:12:56][TestAccount]test logger
[INFO] [2017-12-19 20:12:57][TestAccount]{"accountid":"testtesttest","accountnumber":"dfsdfsd","accounttype":2,"status":3}
[INFO] [2017-12-19 20:13:02][org.springframework.context.support.GenericApplicationContext]Closing org.springframework.context.support.GenericApplicationContext@22ff4249: startup date [Tue Dec 19 20:12:47 CST 2017]; root of context hierarchy
